# JRE version: Java(TM) SE Runtime Environment (19.0.2+7) (build 19.0.2+7-44)
# Java VM: Java HotSpot(TM) 64-Bit Server VM (19.0.2+7-44, mixed mode, sharing, tiered, compressed oops, compressed class ptrs, g1 gc, windows-amd64)
GC Precious Log:
 CardTable entry size: 512
 Card Set container configuration: InlinePtr #cards 5 size 8 Array Of Cards #cards 12 size 40 Howl #buckets 4 coarsen threshold 1843 Howl Bitmap #cards 512 size 80 coarsen threshold 460 Card regions per heap region 1 cards per card region 2048
 CPUs: 8 total, 8 available
 Memory: 8059M
 Large Page Support: Disabled
 NUMA Support: Disabled
 Compressed Oops: Enabled (32-bit)
 Heap Region Size: 1M
 Heap Min Capacity: 8M
 Heap Initial Capacity: 126M
 Heap Max Capacity: 2016M
 Pre-touch: Disabled
 Parallel Workers: 8
 Concurrent Workers: 2
 Concurrent Refinement Workers: 8
 Periodic GC: Disabled
Heap:
 garbage-first heap   total 135168K, used 37888K [0x0000000082000000, 0x0000000100000000)
  region size 1024K, 3 young (3072K), 3 survivors (3072K)
 Metaspace       used 25864K, committed 26240K, reserved 1114112K
  class space    used 2729K, committed 2944K, reserved 1048576K
GC Heap History (17 events):
Event: 1.152 GC heap before
{Heap before GC invocations=0 (full 0):
 garbage-first heap   total 129024K, used 22528K [0x0000000082000000, 0x0000000100000000)
  region size 1024K, 23 young (23552K), 0 survivors (0K)
 Metaspace       used 6782K, committed 6976K, reserved 1114112K
  class space    used 707K, committed 832K, reserved 1048576K
}
Event: 1.159 GC heap after
{Heap after GC invocations=1 (full 0):
 garbage-first heap   total 129024K, used 4846K [0x0000000082000000, 0x0000000100000000)
  region size 1024K, 3 young (3072K), 3 survivors (3072K)
 Metaspace       used 6782K, committed 6976K, reserved 1114112K
  class space    used 707K, committed 832K, reserved 1048576K
}
Event: 1.944 GC heap before
{Heap before GC invocations=1 (full 0):
 garbage-first heap   total 129024K, used 33518K [0x0000000082000000, 0x0000000100000000)
  region size 1024K, 31 young (31744K), 3 survivors (3072K)
 Metaspace       used 10810K, committed 11008K, reserved 1114112K
  class space    used 1199K, committed 1280K, reserved 1048576K
}
Event: 1.950 GC heap after
{Heap after GC invocations=2 (full 0):
 garbage-first heap   total 129024K, used 6749K [0x0000000082000000, 0x0000000100000000)
  region size 1024K, 2 young (2048K), 2 survivors (2048K)
 Metaspace       used 10810K, committed 11008K, reserved 1114112K
  class space    used 1199K, committed 1280K, reserved 1048576K
}
Event: 3.704 GC heap before
{Heap before GC invocations=2 (full 0):
 garbage-first heap   total 129024K, used 81501K [0x0000000082000000, 0x0000000100000000)
  region size 1024K, 75 young (76800K), 2 survivors (2048K)
 Metaspace       used 15449K, committed 15680K, reserved 1114112K
  class space    used 1629K, committed 1728K, reserved 1048576K
}
Event: 3.719 GC heap after
{Heap after GC invocations=3 (full 0):
 garbage-first heap   total 129024K, used 13921K [0x0000000082000000, 0x0000000100000000)
  region size 1024K, 9 young (9216K), 9 survivors (9216K)
 Metaspace       used 15449K, committed 15680K, reserved 1114112K
  class space    used 1629K, committed 1728K, reserved 1048576K
}
Event: 4.766 GC heap before
{Heap before GC invocations=3 (full 0):
 garbage-first heap   total 129024K, used 112225K [0x0000000082000000, 0x0000000100000000)
  region size 1024K, 54 young (55296K), 9 survivors (9216K)
 Metaspace       used 16833K, committed 17152K, reserved 1114112K
  class space    used 1742K, committed 1920K, reserved 1048576K
}
Event: 4.783 GC heap after
{Heap after GC invocations=4 (full 0):
 garbage-first heap   total 129024K, used 38183K [0x0000000082000000, 0x0000000100000000)
  region size 1024K, 5 young (5120K), 5 survivors (5120K)
 Metaspace       used 16833K, committed 17152K, reserved 1114112K
  class space    used 1742K, committed 1920K, reserved 1048576K
}
Event: 4.791 GC heap before
{Heap before GC invocations=4 (full 0):
 garbage-first heap   total 129024K, used 58663K [0x0000000082000000, 0x0000000100000000)
  region size 1024K, 6 young (6144K), 5 survivors (5120K)
 Metaspace       used 16835K, committed 17152K, reserved 1114112K
  class space    used 1742K, committed 1920K, reserved 1048576K
}
Event: 4.796 GC heap after
{Heap after GC invocations=5 (full 0):
 garbage-first heap   total 129024K, used 25748K [0x0000000082000000, 0x0000000100000000)
  region size 1024K, 5 young (5120K), 5 survivors (5120K)
 Metaspace       used 16835K, committed 17152K, reserved 1114112K
  class space    used 1742K, committed 1920K, reserved 1048576K
}
Event: 5.631 GC heap before
{Heap before GC invocations=5 (full 0):
 garbage-first heap   total 129024K, used 69780K [0x0000000082000000, 0x0000000100000000)
  region size 1024K, 24 young (24576K), 5 survivors (5120K)
 Metaspace       used 21180K, committed 21504K, reserved 1114112K
  class space    used 2260K, committed 2432K, reserved 1048576K
}
Event: 5.639 GC heap after
{Heap after GC invocations=6 (full 0):
 garbage-first heap   total 129024K, used 18823K [0x0000000082000000, 0x0000000100000000)
  region size 1024K, 6 young (6144K), 6 survivors (6144K)
 Metaspace       used 21180K, committed 21504K, reserved 1114112K
  class space    used 2260K, committed 2432K, reserved 1048576K
}
Event: 6.582 GC heap before
{Heap before GC invocations=7 (full 0):
 garbage-first heap   total 68608K, used 55687K [0x0000000082000000, 0x0000000100000000)
  region size 1024K, 40 young (40960K), 6 survivors (6144K)
 Metaspace       used 25227K, committed 25664K, reserved 1114112K
  class space    used 2671K, committed 2880K, reserved 1048576K
}
Event: 6.605 GC heap after
{Heap after GC invocations=8 (full 0):
 garbage-first heap   total 74752K, used 33127K [0x0000000082000000, 0x0000000100000000)
  region size 1024K, 5 young (5120K), 5 survivors (5120K)
 Metaspace       used 25227K, committed 25664K, reserved 1114112K
  class space    used 2671K, committed 2880K, reserved 1048576K
}
Event: 6.618 GC heap before
{Heap before GC invocations=8 (full 0):
 garbage-first heap   total 74752K, used 34151K [0x0000000082000000, 0x0000000100000000)
  region size 1024K, 6 young (6144K), 5 survivors (5120K)
 Metaspace       used 25227K, committed 25664K, reserved 1114112K
  class space    used 2671K, committed 2880K, reserved 1048576K
}
Event: 6.624 GC heap after
{Heap after GC invocations=9 (full 0):
 garbage-first heap   total 74752K, used 34184K [0x0000000082000000, 0x0000000100000000)
  region size 1024K, 1 young (1024K), 1 survivors (1024K)
 Metaspace       used 25227K, committed 25664K, reserved 1114112K
  class space    used 2671K, committed 2880K, reserved 1048576K
}
Event: 7.031 GC heap before
{Heap before GC invocations=9 (full 0):
 garbage-first heap   total 74752K, used 54664K [0x0000000082000000, 0x0000000100000000)
  region size 1024K, 22 young (22528K), 1 survivors (1024K)
 Metaspace       used 25864K, committed 26240K, reserved 1114112K
  class space    used 2729K, committed 2944K, reserved 1048576K
}

